0 info it worked if it ends with ok
1 verbose cli [
1 verbose cli   'C:\\Program Files\\nodejs\\node.exe',
1 verbose cli   'C:\\Program Files\\nodejs\\node_modules\\npm\\bin\\npm-cli.js',
1 verbose cli   'run',
1 verbose cli   'dev'
1 verbose cli ]
2 info using npm@6.14.8
3 info using node@v14.15.1
4 verbose run-script [ 'predev', 'dev', 'postdev' ]
5 info lifecycle jianpai@1.0.0~predev: jianpai@1.0.0
6 info lifecycle jianpai@1.0.0~dev: jianpai@1.0.0
7 verbose lifecycle jianpai@1.0.0~dev: unsafe-perm in lifecycle true
8 verbose lifecycle jianpai@1.0.0~dev: PATH: C:\Program Files\nodejs\node_modules\npm\node_modules\npm-lifecycle\node-gyp-bin;C:\project\uni_dianjing_register\node_modules\.bin;C:\Python38\Scripts\;C:\Python38\;C:\Program Files (x86)\Intel\Intel(R) Management Engine Components\iCLS\;C:\Program Files\Intel\Intel(R) Management Engine Components\iCLS\;C:\Windows\system32;C:\Windows;C:\Windows\System32\Wbem;C:\Windows\System32\WindowsPowerShell\v1.0\;C:\Windows\System32\OpenSSH\;C:\Program Files (x86)\Intel\Intel(R) Management Engine Components\DAL;C:\Program Files\Intel\Intel(R) Management Engine Components\DAL;C:\Program Files (x86)\Intel\Intel(R) Management Engine Components\IPT;C:\Program Files\Intel\Intel(R) Management Engine Components\IPT;C:\Program Files (x86)\NVIDIA Corporation\PhysX\Common;C:\Program Files\NVIDIA Corporation\NVIDIA NvDLISR;C:\Program Files\Intel\WiFi\bin\;C:\Program Files\Common Files\Intel\WirelessCommon\;C:\WINDOWS\system32;C:\WINDOWS;C:\WINDOWS\System32\Wbem;C:\WINDOWS\System32\WindowsPowerShell\v1.0\;C:\WINDOWS\System32\OpenSSH\;C:\Program Files\Git\cmd;C:\ProgramData\chocolatey\bin;C:\Program Files\nodejs\;C:\Hbuildx\HBuilderX\plugins\launcher\tools\adbs;C:\Users\MI\AppData\Local\Microsoft\WindowsApps;C:\vscode\Microsoft VS Code\bin;C:\Users\MI\AppData\Roaming\npm
9 verbose lifecycle jianpai@1.0.0~dev: CWD: C:\project\uni_dianjing_register
10 silly lifecycle jianpai@1.0.0~dev: Args: [
10 silly lifecycle   '/d /s /c',
10 silly lifecycle   'webpack-dev-server --inline --progress --config build/webpack.dev.conf.js'
10 silly lifecycle ]
11 silly lifecycle jianpai@1.0.0~dev: Returned: code: 1  signal: null
12 info lifecycle jianpai@1.0.0~dev: Failed to exec dev script
13 verbose stack Error: jianpai@1.0.0 dev: `webpack-dev-server --inline --progress --config build/webpack.dev.conf.js`
13 verbose stack Exit status 1
13 verbose stack     at EventEmitter.<anonymous> (C:\Program Files\nodejs\node_modules\npm\node_modules\npm-lifecycle\index.js:332:16)
13 verbose stack     at EventEmitter.emit (events.js:315:20)
13 verbose stack     at ChildProcess.<anonymous> (C:\Program Files\nodejs\node_modules\npm\node_modules\npm-lifecycle\lib\spawn.js:55:14)
13 verbose stack     at ChildProcess.emit (events.js:315:20)
13 verbose stack     at maybeClose (internal/child_process.js:1048:16)
13 verbose stack     at Process.ChildProcess._handle.onexit (internal/child_process.js:288:5)
14 verbose pkgid jianpai@1.0.0
15 verbose cwd C:\project\uni_dianjing_register
16 verbose Windows_NT 10.0.18363
17 verbose argv "C:\\Program Files\\nodejs\\node.exe" "C:\\Program Files\\nodejs\\node_modules\\npm\\bin\\npm-cli.js" "run" "dev"
18 verbose node v14.15.1
19 verbose npm  v6.14.8
20 error code ELIFECYCLE
21 error errno 1
22 error jianpai@1.0.0 dev: `webpack-dev-server --inline --progress --config build/webpack.dev.conf.js`
22 error Exit status 1
23 error Failed at the jianpai@1.0.0 dev script.
23 error This is probably not a problem with npm. There is likely additional logging output above.
24 verbose exit [ 1, true ]
